[debug] [2020-06-11T00:00:45.039Z] ----------------------------------------------------------------------
[debug] [2020-06-11T00:00:45.042Z] Command:       /usr/local/Cellar/node/14.4.0/bin/node /usr/local/bin/firebase deploy
[debug] [2020-06-11T00:00:45.042Z] CLI Version:   8.4.2
[debug] [2020-06-11T00:00:45.042Z] Platform:      darwin
[debug] [2020-06-11T00:00:45.043Z] Node Version:  v14.4.0
[debug] [2020-06-11T00:00:45.044Z] Time:          Wed Jun 10 2020 21:00:45 GMT-0300 (Argentina Standard Time)
[debug] [2020-06-11T00:00:45.044Z] ----------------------------------------------------------------------
[debug] [2020-06-11T00:00:45.044Z] 
[debug] [2020-06-11T00:00:45.057Z] > command requires scopes: ["email","openid","https://www.googleapis.com/auth/cloudplatformprojects.readonly","https://www.googleapis.com/auth/firebase","https://www.googleapis.com/auth/cloud-platform"]
[debug] [2020-06-11T00:00:45.058Z] > authorizing via signed-in user
[debug] [2020-06-11T00:00:45.058Z] [iam] checking project madebycristian for permissions ["firebase.projects.get","firebasehosting.sites.update"]
[debug] [2020-06-11T00:00:45.062Z] > refreshing access token with scopes: ["email","https://www.googleapis.com/auth/cloud-platform","https://www.googleapis.com/auth/cloudplatformprojects.readonly","https://www.googleapis.com/auth/firebase","openid"]
[debug] [2020-06-11T00:00:45.062Z] >>> HTTP REQUEST POST https://www.googleapis.com/oauth2/v3/token  
 <request body omitted>
[debug] [2020-06-11T00:00:45.249Z] <<< HTTP RESPONSE 200 {"content-type":"application/json; charset=utf-8","vary":"X-Origin, Referer, Origin,Accept-Encoding","date":"Thu, 11 Jun 2020 00:00:45 GMT","server":"scaffolding on HTTPServer2","cache-control":"private","x-xss-protection":"0","x-frame-options":"SAMEORIGIN","x-content-type-options":"nosniff","alt-svc":"h3-27=\":443\"; ma=2592000,h3-25=\":443\"; ma=2592000,h3-T050=\":443\"; ma=2592000,h3-Q050=\":443\"; ma=2592000,h3-Q049=\":443\"; ma=2592000,h3-Q048=\":443\"; ma=2592000,h3-Q046=\":443\"; ma=2592000,h3-Q043=\":443\"; ma=2592000,quic=\":443\"; ma=2592000; v=\"46,43\"","accept-ranges":"none","transfer-encoding":"chunked"}
[debug] [2020-06-11T00:00:45.263Z] >>> HTTP REQUEST POST https://cloudresourcemanager.googleapis.com/v1/projects/madebycristian:testIamPermissions  
 {"permissions":["firebase.projects.get","firebasehosting.sites.update"]}
[debug] [2020-06-11T00:00:46.269Z] <<< HTTP RESPONSE 200 {"content-type":"application/json; charset=UTF-8","vary":"X-Origin, Referer, Origin,Accept-Encoding","date":"Thu, 11 Jun 2020 00:00:46 GMT","server":"ESF","cache-control":"private","x-xss-protection":"0","x-frame-options":"SAMEORIGIN","x-content-type-options":"nosniff","server-timing":"gfet4t7; dur=904","alt-svc":"h3-27=\":443\"; ma=2592000,h3-25=\":443\"; ma=2592000,h3-T050=\":443\"; ma=2592000,h3-Q050=\":443\"; ma=2592000,h3-Q049=\":443\"; ma=2592000,h3-Q048=\":443\"; ma=2592000,h3-Q046=\":443\"; ma=2592000,h3-Q043=\":443\"; ma=2592000,quic=\":443\"; ma=2592000; v=\"46,43\"","accept-ranges":"none","transfer-encoding":"chunked"}
[debug] [2020-06-11T00:00:46.272Z] >>> HTTP REQUEST GET https://firebase.googleapis.com/v1beta1/projects/madebycristian  
 
[debug] [2020-06-11T00:00:46.647Z] <<< HTTP RESPONSE 200 {"content-type":"application/json; charset=UTF-8","vary":"X-Origin, Referer, Origin,Accept-Encoding","date":"Thu, 11 Jun 2020 00:00:46 GMT","server":"ESF","cache-control":"private","x-xss-protection":"0","x-frame-options":"SAMEORIGIN","x-content-type-options":"nosniff","alt-svc":"h3-27=\":443\"; ma=2592000,h3-25=\":443\"; ma=2592000,h3-T050=\":443\"; ma=2592000,h3-Q050=\":443\"; ma=2592000,h3-Q049=\":443\"; ma=2592000,h3-Q048=\":443\"; ma=2592000,h3-Q046=\":443\"; ma=2592000,h3-Q043=\":443\"; ma=2592000,quic=\":443\"; ma=2592000; v=\"46,43\"","accept-ranges":"none","transfer-encoding":"chunked"}
[info] 
[info] === Deploying to 'madebycristian'...
[info] 
[info] i  deploying hosting 
[debug] [2020-06-11T00:00:46.652Z] >>> HTTP REQUEST POST https://firebasehosting.googleapis.com/v1beta1/sites/madebycristian/versions  
 {"config":{},"labels":{"deployment-tool":"cli-firebase"}}
[debug] [2020-06-11T00:00:48.421Z] <<< HTTP RESPONSE 200 {"content-type":"application/json; charset=UTF-8","vary":"X-Origin, Referer, Origin,Accept-Encoding","date":"Thu, 11 Jun 2020 00:00:48 GMT","server":"ESF","cache-control":"private","x-xss-protection":"0","x-frame-options":"SAMEORIGIN","x-content-type-options":"nosniff","alt-svc":"h3-27=\":443\"; ma=2592000,h3-25=\":443\"; ma=2592000,h3-T050=\":443\"; ma=2592000,h3-Q050=\":443\"; ma=2592000,h3-Q049=\":443\"; ma=2592000,h3-Q048=\":443\"; ma=2592000,h3-Q046=\":443\"; ma=2592000,h3-Q043=\":443\"; ma=2592000,quic=\":443\"; ma=2592000; v=\"46,43\"","accept-ranges":"none","transfer-encoding":"chunked"}
[info] i  hosting[madebycristian]: beginning deploy... 
[info] i  hosting[madebycristian]: found 16 files in build 
[debug] [2020-06-11T00:00:48.658Z] [hosting] hash cache [YnVpbGQ] stored for 16 files
[debug] [2020-06-11T00:00:48.658Z] [hosting][hash queue][FINAL] {"max":213,"min":17,"avg":41.25,"active":0,"complete":16,"success":16,"errored":0,"retried":0,"total":16,"elapsed":218}
[debug] [2020-06-11T00:00:48.659Z] >>> HTTP REQUEST POST https://firebasehosting.googleapis.com/v1beta1/sites/madebycristian/versions/777f04c4e1e56165:populateFiles  
 <request body omitted>
[debug] [2020-06-11T00:00:49.971Z] <<< HTTP RESPONSE 200 {"content-type":"application/json; charset=UTF-8","vary":"X-Origin, Referer, Origin,Accept-Encoding","date":"Thu, 11 Jun 2020 00:00:49 GMT","server":"ESF","cache-control":"private","x-xss-protection":"0","x-frame-options":"SAMEORIGIN","x-content-type-options":"nosniff","alt-svc":"h3-27=\":443\"; ma=2592000,h3-25=\":443\"; ma=2592000,h3-T050=\":443\"; ma=2592000,h3-Q050=\":443\"; ma=2592000,h3-Q049=\":443\"; ma=2592000,h3-Q048=\":443\"; ma=2592000,h3-Q046=\":443\"; ma=2592000,h3-Q043=\":443\"; ma=2592000,quic=\":443\"; ma=2592000; v=\"46,43\"","accept-ranges":"none","transfer-encoding":"chunked"}
[debug] [2020-06-11T00:00:49.986Z] [hosting][populate queue][FINAL] {"max":1318,"min":1318,"avg":1318,"active":0,"complete":1,"success":1,"errored":0,"retried":0,"total":1,"elapsed":1329}
[debug] [2020-06-11T00:00:49.986Z] [hosting] uploads queued: 12
